{
  "stats": {
    "suites": 1,
    "tests": 27,
    "passes": 27,
    "pending": 0,
    "failures": 0,
    "start": "2018-05-31T17:36:16.950Z",
    "end": "2018-05-31T17:36:54.809Z",
    "duration": 37859,
    "testsRegistered": 27,
    "passPercent": 100,
    "pendingPercent": 0,
    "other": 0,
    "hasOther": false,
    "skipped": 0,
    "hasSkipped": false,
    "passPercentClass": "success",
    "pendingPercentClass": "danger"
  },
  "suites": {
    "uuid": "8161dd0e-c226-4c65-aed6-c0ff5438e2ad",
    "title": "",
    "fullFile": "",
    "file": "",
    "beforeHooks": [],
    "afterHooks": [],
    "tests": [],
    "suites": [
      {
        "uuid": "fc6d63be-a605-4e2f-95b9-9b9d1a80dfa6",
        "title": "General functional tests",
        "fullFile": "C:\\Development\\NodeJS\\EncryptionNodeJS\\Apps\\Miner\\test\\functional-test\\generalTestBinary.js",
        "file": "\\generalTestBinary.js",
        "beforeHooks": [
          {
            "title": "\"before all\" hook",
            "fullTitle": "General functional tests \"before all\" hook",
            "timedOut": false,
            "duration": 1,
            "pass": false,
            "fail": false,
            "pending": false,
            "code": "modFs.readdirSync('./units/').forEach(file => {\n    modFs.unlinkSync(`./units/${file}`);\n});",
            "err": {},
            "isRoot": false,
            "uuid": "13d1cab2-068b-45cc-afb9-d750ab513538",
            "isHook": true,
            "skipped": false
          }
        ],
        "afterHooks": [],
        "tests": [
          {
            "title": "Check is operator Valid",
            "fullTitle": "General functional tests Check is operator Valid",
            "timedOut": false,
            "duration": 587,
            "state": "passed",
            "speed": "slow",
            "pass": true,
            "fail": false,
            "pending": false,
            "code": "var operatorExecutor = child_process.execFileSync(operatorApp,[\"-ver\"], {stdio: ['pipe', 'pipe', 'pipe']});\nvar data = operatorExecutor.toString();\nif (data.length === 0) {\n    throw new Error(\"Operator application is not valid\");\n}",
            "err": {},
            "isRoot": false,
            "uuid": "13d60814-cad6-444c-adeb-6cb51448c630",
            "isHook": false,
            "skipped": false
          },
          {
            "title": "Check properly executon of -ver",
            "fullTitle": "General functional tests Check properly executon of -ver",
            "timedOut": false,
            "duration": 553,
            "state": "passed",
            "speed": "slow",
            "pass": true,
            "fail": false,
            "pending": false,
            "context": "[\n  {\n    \"title\": \"Test specific values\",\n    \"value\": \"{\\\"args\\\":[\\\"-ver\\\"],\\\"expected\\\":\\\"Copyright (c) 2018, Mihail Maldzhanski <pollarize@gmail.com>\\\\nDICE Money <www.dice.money> - Miner Application Version[1.48] - 30.05.2018\\\",\\\"unExpected\\\":\\\"Err\\\"}\"\n  },\n  {\n    \"title\": \"Execution report\",\n    \"value\": \"Copyright (c) 2018, Mihail Maldzhanski <pollarize@gmail.com>\\nDICE Money <www.dice.money> - Miner Application Version[1.48] - 30.05.2018\\n\"\n  }\n]",
            "code": "//Add test case variables\naddContext(this, {title: \"Test specific values\", value: JSON.stringify(test)});\n//Set user defined timeout\nthis.timeout(maxTimeOut);\n//Exec node\nvar minerAppExecVersion = child_process.execFileSync(minerApp, [ ...test.args], {stdio: ['pipe', 'pipe', 'pipe'],cwd:\"./\"});\nvar data = minerAppExecVersion.toString();\n//Add return data from execution\naddContext(this, {title: \"Execution report\", value: data});\n//Real tests\nif (test.expected !== '' && data.indexOf(test.expected) === -1) {\n    throw new Error(\"Expected: \" + test.expected);\n}\nif (test.unExpected !== '' && data.indexOf(test.unExpected) !== -1) {\n    throw new Error(\"Unxpected: \" + test.unExpected);\n}\nif (test.specificExec(data) !== true) {\n    throw new Error(`Specific execution failed on ${test.args[0]} with ${\"\\n\" + data}`);\n}",
            "err": {},
            "isRoot": false,
            "uuid": "86a37b76-d88d-4fdc-9c4c-5d859a9895fc",
            "isHook": false,
            "skipped": false
          },
          {
            "title": "Check properly executon of -h",
            "fullTitle": "General functional tests Check properly executon of -h",
            "timedOut": false,
            "duration": 534,
            "state": "passed",
            "speed": "slow",
            "pass": true,
            "fail": false,
            "pending": false,
            "context": "[\n  {\n    \"title\": \"Test specific values\",\n    \"value\": \"{\\\"args\\\":[\\\"-h\\\"],\\\"expected\\\":\\\"Copyright (c) 2018, Mihail Maldzhanski <pollarize@gmail.com>\\\\nDICE Money <www.dice.money> - Miner Application Version[1.48] - 30.05.2018\\\",\\\"unExpected\\\":\\\"Err\\\"}\"\n  },\n  {\n    \"title\": \"Execution report\",\n    \"value\": \"\\nCopyright (c) 2018, Mihail Maldzhanski <pollarize@gmail.com>\\nDICE Money <www.dice.money> - Miner Application Version[1.48] - 30.05.2018\\n\\n  -cCfg,--createConfiguration\\n     Create Configuration of the current owner.\\n     Usage: <application> <-cCfg or --createConfiguration> <nameOfOwner> <keyPair> <configurationFile>\\n\\n  -uCfg,--updateConfiguration\\n     Update Configuration of the current owner.(Do not delete existing contacts and operators!)\\n     Usage: <application> <-uCfg or --updateConfiguration> <nameOfOwner> <keyPair> <configurationFile>\\n\\n  -iCfg,--importConfiguration\\n     Import external configration file.\\n     Usage: <application> <-iCfg or --importConfiguration> <externalConfigurationFile> <configurationFile>\\n\\n  -aC,--addContact\\n     Add new Contact in configuration file.\\n     Usage: <application> <-aC or --addContact> <nameOfContact> <digitalAddrOfContact> <configurationFile>\\n\\n  -aO,--addOperator\\n     Add new Operator in configration file.\\n     Usage: <application> <-aO or --addOperator> <nameOfOperator> <digitalAddrOfOperator> <configurationFile>\\n\\n  -eAc,--exportAllContacts\\n     Export all Contacts from local configuration file.\\n     Usage: <application> <-eAc or --exportAllContacts> <externalConfigurationFile> <configurationFile>\\n\\n  -eAo,--exportAllOperators\\n     Export all Operators from local configration file.\\n     Usage: <application> <-eAo or --exportAllOperators> <externalConfigurationFile> <configurationFile>\\n\\n  -lO,--listOperators\\n     List all Operators in confgiration file.\\n     Usage: <application> <-lO or --listOperators> <configurationFile>\\n\\n  -lC,--listContacts\\n     List all Contacts in confgiration file.\\n     Usage: <application> <-lC or --listContacts> <configurationFile>\\n\\n  -eK,--exportKeys\\n     Export keys saved in configuration file.\\n     Usage: <application> <-eK or --exportKeys> <fileOutput> <configurationFile>\\n\\n  -pD,--printDigitalAddress\\n     Print Digital Address from configuration file.\\n     Usage: <application> <-pD or --printDigitalAddress> <configurationFile>\\n\\n  -pN,--printName\\n     Print Name from configuration file.\\n     Usage: <application> <-pN or --printName> <configurationFile>\\n\\n  -lGO,--listGlobalOperators\\n     List all Global Operators.\\n     Usage: <application> <-lGO or --listGlobalOperators> <>\\n\\n  -uDns,--updateDnsBinder\\n     Downaload latest version of dns binder file.\\n     Usage: <application> <-uDns or --updateDnsBinder> <>\\n\\n  -b,--balance\\n     Calculate current balance of DICE in specified folder.\\n     Usage: <application> <-b or --balance> <folderWithUnits> <keyPair>\\n\\n  -lU,--listUnits\\n     List all units in specific folder with current value, owner and operator.\\n     Usage: <application> <-lU or --listUnits> <folderWithUnits> <keyPair>\\n\\n  -v,--validate\\n     Exports content from Base58 saved unit and value of the unit\\n     Usage: <application> <-v or --validate> <diceUnit> <keyPair>\\n\\n  -k,--keygen\\n     Generate new KeyPair of Digital Address and Private Key\\n     Usage: <application> <-k or --keygen> <fileOutput>\\n\\n  -to,--tradeOwnerless\\n     Trade ownerless dice unit\\n     Usage: <application> <-to or --tradeOwnerless> <diceUnit> <keyPair>\\n\\n  -tc,--tradeCurrent\\n     Trade current owner of unit \\n     Usage: <application> <-tc or --tradeCurrent> <diceUnit> <fileOutput> <addrMin> <keyPair>\\n\\n  -tn,--tradeNew\\n     Trade request from new owner (for ownerless unit or traded unit)\\n     Usage: <application> <-tn or --tradeNew> <diceUnit> <fileOutput> <keyPair>\\n\\n  -cc,--calculateCuda\\n     Calculate new DICE Unit by using CUDA accelerated application\\n     Usage: <application> <-cc or --calculateCuda> <fileOutput> <addrOp> <specificUnitValue> <keyPair>\\n\\n  -r,--register\\n     Send prototype to operator to register it in its DB.\\n     Usage: <application> <-r or --register> <diceUnit> <keyPair>\\n\\n  -ver,--version\\n     Prints application current version\\n     Usage: <application> <-ver or --version> <>\\n\\n  -h,--help\\n     Print Following list\\n     Usage: <application> <-h or --help> <>\\n\\n\\n\"\n  }\n]",
            "code": "//Add test case variables\naddContext(this, {title: \"Test specific values\", value: JSON.stringify(test)});\n//Set user defined timeout\nthis.timeout(maxTimeOut);\n//Exec node\nvar minerAppExecVersion = child_process.execFileSync(minerApp, [ ...test.args], {stdio: ['pipe', 'pipe', 'pipe'],cwd:\"./\"});\nvar data = minerAppExecVersion.toString();\n//Add return data from execution\naddContext(this, {title: \"Execution report\", value: data});\n//Real tests\nif (test.expected !== '' && data.indexOf(test.expected) === -1) {\n    throw new Error(\"Expected: \" + test.expected);\n}\nif (test.unExpected !== '' && data.indexOf(test.unExpected) !== -1) {\n    throw new Error(\"Unxpected: \" + test.unExpected);\n}\nif (test.specificExec(data) !== true) {\n    throw new Error(`Specific execution failed on ${test.args[0]} with ${\"\\n\" + data}`);\n}",
            "err": {},
            "isRoot": false,
            "uuid": "27b121af-8891-4b2f-b6b0-9bec0d8cf20d",
            "isHook": false,
            "skipped": false
          },
          {
            "title": "Check properly executon of -uDns",
            "fullTitle": "General functional tests Check properly executon of -uDns",
            "timedOut": false,
            "duration": 1450,
            "state": "passed",
            "speed": "slow",
            "pass": true,
            "fail": false,
            "pending": false,
            "context": "[\n  {\n    \"title\": \"Test specific values\",\n    \"value\": \"{\\\"args\\\":[\\\"-uDns\\\"],\\\"expected\\\":\\\"UsInf0089\\\",\\\"unExpected\\\":\\\"Err\\\"}\"\n  },\n  {\n    \"title\": \"Execution report\",\n    \"value\": \"UsInf0089\\nUsInf0054\\n\"\n  }\n]",
            "code": "//Add test case variables\naddContext(this, {title: \"Test specific values\", value: JSON.stringify(test)});\n//Set user defined timeout\nthis.timeout(maxTimeOut);\n//Exec node\nvar minerAppExecVersion = child_process.execFileSync(minerApp, [ ...test.args], {stdio: ['pipe', 'pipe', 'pipe'],cwd:\"./\"});\nvar data = minerAppExecVersion.toString();\n//Add return data from execution\naddContext(this, {title: \"Execution report\", value: data});\n//Real tests\nif (test.expected !== '' && data.indexOf(test.expected) === -1) {\n    throw new Error(\"Expected: \" + test.expected);\n}\nif (test.unExpected !== '' && data.indexOf(test.unExpected) !== -1) {\n    throw new Error(\"Unxpected: \" + test.unExpected);\n}\nif (test.specificExec(data) !== true) {\n    throw new Error(`Specific execution failed on ${test.args[0]} with ${\"\\n\" + data}`);\n}",
            "err": {},
            "isRoot": false,
            "uuid": "c338978f-c5a8-4534-b37e-3f4368822052",
            "isHook": false,
            "skipped": false
          },
          {
            "title": "Check properly executon of -lGO",
            "fullTitle": "General functional tests Check properly executon of -lGO",
            "timedOut": false,
            "duration": 565,
            "state": "passed",
            "speed": "slow",
            "pass": true,
            "fail": false,
            "pending": false,
            "context": "[\n  {\n    \"title\": \"Test specific values\",\n    \"value\": \"{\\\"args\\\":[\\\"-lGO\\\"],\\\"expected\\\":\\\"UsInf0054\\\",\\\"unExpected\\\":\\\"Err\\\"}\"\n  },\n  {\n    \"title\": \"Execution report\",\n    \"value\": \"1. d8f54-4fe68-98060-78b6d-bbbf3-1908b-473de-ed2b2 - Orange Pi Zero - Allwinner H2+ - 256MB RAM - 4GB ROM\\n2. 11f18-19ec1-b4e42-c96de-906fc-86fd6-d64e4-ed409 - Neo Pi Neo Plus 2 - Allwinner H5(64 bit) - 1024MB RAM - 8GB ROM - Sofia\\n3. 58b4b-cfd09-290eb-0ad2f-c6077-c2f0d-fa940-0f4d4 - Neo Pi Neo Plus 2 - Allwinner H5(64 bit) - 1024MB RAM - 8GB ROM - London\\n4. 76640-bcfe5-47604-75a2e-c0a6c-90df2-c39ef-97718 - undefined\\nUsInf0054\\n\"\n  }\n]",
            "code": "//Add test case variables\naddContext(this, {title: \"Test specific values\", value: JSON.stringify(test)});\n//Set user defined timeout\nthis.timeout(maxTimeOut);\n//Exec node\nvar minerAppExecVersion = child_process.execFileSync(minerApp, [ ...test.args], {stdio: ['pipe', 'pipe', 'pipe'],cwd:\"./\"});\nvar data = minerAppExecVersion.toString();\n//Add return data from execution\naddContext(this, {title: \"Execution report\", value: data});\n//Real tests\nif (test.expected !== '' && data.indexOf(test.expected) === -1) {\n    throw new Error(\"Expected: \" + test.expected);\n}\nif (test.unExpected !== '' && data.indexOf(test.unExpected) !== -1) {\n    throw new Error(\"Unxpected: \" + test.unExpected);\n}\nif (test.specificExec(data) !== true) {\n    throw new Error(`Specific execution failed on ${test.args[0]} with ${\"\\n\" + data}`);\n}",
            "err": {},
            "isRoot": false,
            "uuid": "156a0323-a31f-4385-8f45-eab592590305",
            "isHook": false,
            "skipped": false
          },
          {
            "title": "Check properly executon of -k",
            "fullTitle": "General functional tests Check properly executon of -k",
            "timedOut": false,
            "duration": 612,
            "state": "passed",
            "speed": "slow",
            "pass": true,
            "fail": false,
            "pending": false,
            "context": "[\n  {\n    \"title\": \"Test specific values\",\n    \"value\": \"{\\\"args\\\":[\\\"-k\\\",\\\"testKey\\\"],\\\"expected\\\":\\\"UsInf0053\\\",\\\"unExpected\\\":\\\"Err\\\"}\"\n  },\n  {\n    \"title\": \"Execution report\",\n    \"value\": \"UsInf0053\\nUsInf0059  :  38XTAQDT5gmqDa3w3RDPzd2tNNMq\\nUsInf0060  :  2ea9b-150ed-d703a-8d168-330df-12f2c-a7f47-73366\\n\"\n  }\n]",
            "code": "//Add test case variables\naddContext(this, {title: \"Test specific values\", value: JSON.stringify(test)});\n//Set user defined timeout\nthis.timeout(maxTimeOut);\n//Exec node\nvar minerAppExecVersion = child_process.execFileSync(minerApp, [ ...test.args], {stdio: ['pipe', 'pipe', 'pipe'],cwd:\"./\"});\nvar data = minerAppExecVersion.toString();\n//Add return data from execution\naddContext(this, {title: \"Execution report\", value: data});\n//Real tests\nif (test.expected !== '' && data.indexOf(test.expected) === -1) {\n    throw new Error(\"Expected: \" + test.expected);\n}\nif (test.unExpected !== '' && data.indexOf(test.unExpected) !== -1) {\n    throw new Error(\"Unxpected: \" + test.unExpected);\n}\nif (test.specificExec(data) !== true) {\n    throw new Error(`Specific execution failed on ${test.args[0]} with ${\"\\n\" + data}`);\n}",
            "err": {},
            "isRoot": false,
            "uuid": "3ac51461-a0d4-489e-9200-81a9cea96997",
            "isHook": false,
            "skipped": false
          },
          {
            "title": "Check properly executon of -cCfg",
            "fullTitle": "General functional tests Check properly executon of -cCfg",
            "timedOut": false,
            "duration": 556,
            "state": "passed",
            "speed": "slow",
            "pass": true,
            "fail": false,
            "pending": false,
            "context": "[\n  {\n    \"title\": \"Test specific values\",\n    \"value\": \"{\\\"args\\\":[\\\"-cCfg\\\",\\\"Mihail Maldzhanski\\\",\\\"testkey.dkeys\\\",\\\"testCfg\\\"],\\\"expected\\\":\\\"\\\",\\\"unExpected\\\":\\\"Err\\\"}\"\n  },\n  {\n    \"title\": \"Execution report\",\n    \"value\": \"\"\n  }\n]",
            "code": "//Add test case variables\naddContext(this, {title: \"Test specific values\", value: JSON.stringify(test)});\n//Set user defined timeout\nthis.timeout(maxTimeOut);\n//Exec node\nvar minerAppExecVersion = child_process.execFileSync(minerApp, [ ...test.args], {stdio: ['pipe', 'pipe', 'pipe'],cwd:\"./\"});\nvar data = minerAppExecVersion.toString();\n//Add return data from execution\naddContext(this, {title: \"Execution report\", value: data});\n//Real tests\nif (test.expected !== '' && data.indexOf(test.expected) === -1) {\n    throw new Error(\"Expected: \" + test.expected);\n}\nif (test.unExpected !== '' && data.indexOf(test.unExpected) !== -1) {\n    throw new Error(\"Unxpected: \" + test.unExpected);\n}\nif (test.specificExec(data) !== true) {\n    throw new Error(`Specific execution failed on ${test.args[0]} with ${\"\\n\" + data}`);\n}",
            "err": {},
            "isRoot": false,
            "uuid": "23b0211f-c9ce-48a8-87b2-142cb6be223d",
            "isHook": false,
            "skipped": false
          },
          {
            "title": "Check properly executon of -uCfg",
            "fullTitle": "General functional tests Check properly executon of -uCfg",
            "timedOut": false,
            "duration": 559,
            "state": "passed",
            "speed": "slow",
            "pass": true,
            "fail": false,
            "pending": false,
            "context": "[\n  {\n    \"title\": \"Test specific values\",\n    \"value\": \"{\\\"args\\\":[\\\"-uCfg\\\",\\\"Mihail Maldzhanski New\\\",\\\"testkey.dkeys\\\",\\\"testCfg\\\"],\\\"expected\\\":\\\"\\\",\\\"unExpected\\\":\\\"Err\\\"}\"\n  },\n  {\n    \"title\": \"Execution report\",\n    \"value\": \"\"\n  }\n]",
            "code": "//Add test case variables\naddContext(this, {title: \"Test specific values\", value: JSON.stringify(test)});\n//Set user defined timeout\nthis.timeout(maxTimeOut);\n//Exec node\nvar minerAppExecVersion = child_process.execFileSync(minerApp, [ ...test.args], {stdio: ['pipe', 'pipe', 'pipe'],cwd:\"./\"});\nvar data = minerAppExecVersion.toString();\n//Add return data from execution\naddContext(this, {title: \"Execution report\", value: data});\n//Real tests\nif (test.expected !== '' && data.indexOf(test.expected) === -1) {\n    throw new Error(\"Expected: \" + test.expected);\n}\nif (test.unExpected !== '' && data.indexOf(test.unExpected) !== -1) {\n    throw new Error(\"Unxpected: \" + test.unExpected);\n}\nif (test.specificExec(data) !== true) {\n    throw new Error(`Specific execution failed on ${test.args[0]} with ${\"\\n\" + data}`);\n}",
            "err": {},
            "isRoot": false,
            "uuid": "b7797d97-ef7f-4e86-9dcf-6add86d86f56",
            "isHook": false,
            "skipped": false
          },
          {
            "title": "Check properly executon of -iCfg",
            "fullTitle": "General functional tests Check properly executon of -iCfg",
            "timedOut": false,
            "duration": 582,
            "state": "passed",
            "speed": "slow",
            "pass": true,
            "fail": false,
            "pending": false,
            "context": "[\n  {\n    \"title\": \"Test specific values\",\n    \"value\": \"{\\\"args\\\":[\\\"-iCfg\\\",\\\"../../contactsInit.dbook\\\",\\\"defaultConfig.dconf\\\"],\\\"expected\\\":\\\"\\\",\\\"unExpected\\\":\\\"Err\\\"}\"\n  },\n  {\n    \"title\": \"Execution report\",\n    \"value\": \"\"\n  }\n]",
            "code": "//Add test case variables\naddContext(this, {title: \"Test specific values\", value: JSON.stringify(test)});\n//Set user defined timeout\nthis.timeout(maxTimeOut);\n//Exec node\nvar minerAppExecVersion = child_process.execFileSync(minerApp, [ ...test.args], {stdio: ['pipe', 'pipe', 'pipe'],cwd:\"./\"});\nvar data = minerAppExecVersion.toString();\n//Add return data from execution\naddContext(this, {title: \"Execution report\", value: data});\n//Real tests\nif (test.expected !== '' && data.indexOf(test.expected) === -1) {\n    throw new Error(\"Expected: \" + test.expected);\n}\nif (test.unExpected !== '' && data.indexOf(test.unExpected) !== -1) {\n    throw new Error(\"Unxpected: \" + test.unExpected);\n}\nif (test.specificExec(data) !== true) {\n    throw new Error(`Specific execution failed on ${test.args[0]} with ${\"\\n\" + data}`);\n}",
            "err": {},
            "isRoot": false,
            "uuid": "440c9355-2d83-4b76-9ed9-39fc92fae189",
            "isHook": false,
            "skipped": false
          },
          {
            "title": "Check properly executon of -aC",
            "fullTitle": "General functional tests Check properly executon of -aC",
            "timedOut": false,
            "duration": 544,
            "state": "passed",
            "speed": "slow",
            "pass": true,
            "fail": false,
            "pending": false,
            "context": "[\n  {\n    \"title\": \"Test specific values\",\n    \"value\": \"{\\\"args\\\":[\\\"-aC\\\",\\\"Tester Name\\\",\\\"3f2b9-2f458-f2066-26c65-ea67c-a6b48-86ced-e9dc6\\\",\\\"defaultConfig.dconf\\\"],\\\"expected\\\":\\\"\\\",\\\"unExpected\\\":\\\"Err\\\"}\"\n  },\n  {\n    \"title\": \"Execution report\",\n    \"value\": \"\"\n  }\n]",
            "code": "//Add test case variables\naddContext(this, {title: \"Test specific values\", value: JSON.stringify(test)});\n//Set user defined timeout\nthis.timeout(maxTimeOut);\n//Exec node\nvar minerAppExecVersion = child_process.execFileSync(minerApp, [ ...test.args], {stdio: ['pipe', 'pipe', 'pipe'],cwd:\"./\"});\nvar data = minerAppExecVersion.toString();\n//Add return data from execution\naddContext(this, {title: \"Execution report\", value: data});\n//Real tests\nif (test.expected !== '' && data.indexOf(test.expected) === -1) {\n    throw new Error(\"Expected: \" + test.expected);\n}\nif (test.unExpected !== '' && data.indexOf(test.unExpected) !== -1) {\n    throw new Error(\"Unxpected: \" + test.unExpected);\n}\nif (test.specificExec(data) !== true) {\n    throw new Error(`Specific execution failed on ${test.args[0]} with ${\"\\n\" + data}`);\n}",
            "err": {},
            "isRoot": false,
            "uuid": "5a1006ca-bba0-4f5b-91c5-c10a01d1e772",
            "isHook": false,
            "skipped": false
          },
          {
            "title": "Check properly executon of -aO",
            "fullTitle": "General functional tests Check properly executon of -aO",
            "timedOut": false,
            "duration": 554,
            "state": "passed",
            "speed": "slow",
            "pass": true,
            "fail": false,
            "pending": false,
            "context": "[\n  {\n    \"title\": \"Test specific values\",\n    \"value\": \"{\\\"args\\\":[\\\"-aO\\\",\\\"Tester Operator\\\",\\\"3f2b9-2f458-f2066-26c65-ea67c-a6b48-86ced-e9dc6\\\",\\\"defaultConfig.dconf\\\"],\\\"expected\\\":\\\"\\\",\\\"unExpected\\\":\\\"Err\\\"}\"\n  },\n  {\n    \"title\": \"Execution report\",\n    \"value\": \"\"\n  }\n]",
            "code": "//Add test case variables\naddContext(this, {title: \"Test specific values\", value: JSON.stringify(test)});\n//Set user defined timeout\nthis.timeout(maxTimeOut);\n//Exec node\nvar minerAppExecVersion = child_process.execFileSync(minerApp, [ ...test.args], {stdio: ['pipe', 'pipe', 'pipe'],cwd:\"./\"});\nvar data = minerAppExecVersion.toString();\n//Add return data from execution\naddContext(this, {title: \"Execution report\", value: data});\n//Real tests\nif (test.expected !== '' && data.indexOf(test.expected) === -1) {\n    throw new Error(\"Expected: \" + test.expected);\n}\nif (test.unExpected !== '' && data.indexOf(test.unExpected) !== -1) {\n    throw new Error(\"Unxpected: \" + test.unExpected);\n}\nif (test.specificExec(data) !== true) {\n    throw new Error(`Specific execution failed on ${test.args[0]} with ${\"\\n\" + data}`);\n}",
            "err": {},
            "isRoot": false,
            "uuid": "96b770e6-d8ba-4a85-9ab5-4a503169ce92",
            "isHook": false,
            "skipped": false
          },
          {
            "title": "Check properly executon of -lO",
            "fullTitle": "General functional tests Check properly executon of -lO",
            "timedOut": false,
            "duration": 567,
            "state": "passed",
            "speed": "slow",
            "pass": true,
            "fail": false,
            "pending": false,
            "context": "[\n  {\n    \"title\": \"Test specific values\",\n    \"value\": \"{\\\"args\\\":[\\\"-lO\\\",\\\"defaultConfig.dconf\\\"],\\\"expected\\\":\\\"\\\",\\\"unExpected\\\":\\\"Err\\\"}\"\n  },\n  {\n    \"title\": \"Execution report\",\n    \"value\": \"Name: OpiZero Digital Address: d8f54-4fe68-98060-78b6d-bbbf3-1908b-473de-ed2b2 \\nName: NeoPiPlus2 Digital Address: 11f18-19ec1-b4e42-c96de-906fc-86fd6-d64e4-ed409 \\nName: Tester Operator Digital Address: 3f2b9-2f458-f2066-26c65-ea67c-a6b48-86ced-e9dc6 \\n\\n\"\n  }\n]",
            "code": "//Add test case variables\naddContext(this, {title: \"Test specific values\", value: JSON.stringify(test)});\n//Set user defined timeout\nthis.timeout(maxTimeOut);\n//Exec node\nvar minerAppExecVersion = child_process.execFileSync(minerApp, [ ...test.args], {stdio: ['pipe', 'pipe', 'pipe'],cwd:\"./\"});\nvar data = minerAppExecVersion.toString();\n//Add return data from execution\naddContext(this, {title: \"Execution report\", value: data});\n//Real tests\nif (test.expected !== '' && data.indexOf(test.expected) === -1) {\n    throw new Error(\"Expected: \" + test.expected);\n}\nif (test.unExpected !== '' && data.indexOf(test.unExpected) !== -1) {\n    throw new Error(\"Unxpected: \" + test.unExpected);\n}\nif (test.specificExec(data) !== true) {\n    throw new Error(`Specific execution failed on ${test.args[0]} with ${\"\\n\" + data}`);\n}",
            "err": {},
            "isRoot": false,
            "uuid": "40b3f7aa-ed2c-4291-b2a2-43630859f4d4",
            "isHook": false,
            "skipped": false
          },
          {
            "title": "Check properly executon of -lC",
            "fullTitle": "General functional tests Check properly executon of -lC",
            "timedOut": false,
            "duration": 553,
            "state": "passed",
            "speed": "slow",
            "pass": true,
            "fail": false,
            "pending": false,
            "context": "[\n  {\n    \"title\": \"Test specific values\",\n    \"value\": \"{\\\"args\\\":[\\\"-lC\\\",\\\"defaultConfig.dconf\\\"],\\\"expected\\\":\\\"\\\",\\\"unExpected\\\":\\\"Err\\\"}\"\n  },\n  {\n    \"title\": \"Execution report\",\n    \"value\": \"Name: Mihail Maldzhanski Digital Address: f87b0-31850-b97f9-835c9-9cb13-f91ce-43832-8537c \\nName: Tester Name Digital Address: 3f2b9-2f458-f2066-26c65-ea67c-a6b48-86ced-e9dc6 \\n\\n\"\n  }\n]",
            "code": "//Add test case variables\naddContext(this, {title: \"Test specific values\", value: JSON.stringify(test)});\n//Set user defined timeout\nthis.timeout(maxTimeOut);\n//Exec node\nvar minerAppExecVersion = child_process.execFileSync(minerApp, [ ...test.args], {stdio: ['pipe', 'pipe', 'pipe'],cwd:\"./\"});\nvar data = minerAppExecVersion.toString();\n//Add return data from execution\naddContext(this, {title: \"Execution report\", value: data});\n//Real tests\nif (test.expected !== '' && data.indexOf(test.expected) === -1) {\n    throw new Error(\"Expected: \" + test.expected);\n}\nif (test.unExpected !== '' && data.indexOf(test.unExpected) !== -1) {\n    throw new Error(\"Unxpected: \" + test.unExpected);\n}\nif (test.specificExec(data) !== true) {\n    throw new Error(`Specific execution failed on ${test.args[0]} with ${\"\\n\" + data}`);\n}",
            "err": {},
            "isRoot": false,
            "uuid": "78edd6f7-986d-4764-8b99-1b4e96583b49",
            "isHook": false,
            "skipped": false
          },
          {
            "title": "Check properly executon of -pN",
            "fullTitle": "General functional tests Check properly executon of -pN",
            "timedOut": false,
            "duration": 560,
            "state": "passed",
            "speed": "slow",
            "pass": true,
            "fail": false,
            "pending": false,
            "context": "[\n  {\n    \"title\": \"Test specific values\",\n    \"value\": \"{\\\"args\\\":[\\\"-pN\\\",\\\"defaultConfig.dconf\\\"],\\\"expected\\\":\\\"\\\",\\\"unExpected\\\":\\\"Err\\\"}\"\n  },\n  {\n    \"title\": \"Execution report\",\n    \"value\": \"Mihail Maldzhanski New\\n\"\n  }\n]",
            "code": "//Add test case variables\naddContext(this, {title: \"Test specific values\", value: JSON.stringify(test)});\n//Set user defined timeout\nthis.timeout(maxTimeOut);\n//Exec node\nvar minerAppExecVersion = child_process.execFileSync(minerApp, [ ...test.args], {stdio: ['pipe', 'pipe', 'pipe'],cwd:\"./\"});\nvar data = minerAppExecVersion.toString();\n//Add return data from execution\naddContext(this, {title: \"Execution report\", value: data});\n//Real tests\nif (test.expected !== '' && data.indexOf(test.expected) === -1) {\n    throw new Error(\"Expected: \" + test.expected);\n}\nif (test.unExpected !== '' && data.indexOf(test.unExpected) !== -1) {\n    throw new Error(\"Unxpected: \" + test.unExpected);\n}\nif (test.specificExec(data) !== true) {\n    throw new Error(`Specific execution failed on ${test.args[0]} with ${\"\\n\" + data}`);\n}",
            "err": {},
            "isRoot": false,
            "uuid": "bdb1db78-09fa-414d-931f-2e45e1e364ad",
            "isHook": false,
            "skipped": false
          },
          {
            "title": "Check properly executon of -pD",
            "fullTitle": "General functional tests Check properly executon of -pD",
            "timedOut": false,
            "duration": 553,
            "state": "passed",
            "speed": "slow",
            "pass": true,
            "fail": false,
            "pending": false,
            "context": "[\n  {\n    \"title\": \"Test specific values\",\n    \"value\": \"{\\\"args\\\":[\\\"-pD\\\",\\\"defaultConfig.dconf\\\"],\\\"expected\\\":\\\"\\\",\\\"unExpected\\\":\\\"Err\\\"}\"\n  },\n  {\n    \"title\": \"Execution report\",\n    \"value\": \"2ea9b-150ed-d703a-8d168-330df-12f2c-a7f47-73366\\n\"\n  }\n]",
            "code": "//Add test case variables\naddContext(this, {title: \"Test specific values\", value: JSON.stringify(test)});\n//Set user defined timeout\nthis.timeout(maxTimeOut);\n//Exec node\nvar minerAppExecVersion = child_process.execFileSync(minerApp, [ ...test.args], {stdio: ['pipe', 'pipe', 'pipe'],cwd:\"./\"});\nvar data = minerAppExecVersion.toString();\n//Add return data from execution\naddContext(this, {title: \"Execution report\", value: data});\n//Real tests\nif (test.expected !== '' && data.indexOf(test.expected) === -1) {\n    throw new Error(\"Expected: \" + test.expected);\n}\nif (test.unExpected !== '' && data.indexOf(test.unExpected) !== -1) {\n    throw new Error(\"Unxpected: \" + test.unExpected);\n}\nif (test.specificExec(data) !== true) {\n    throw new Error(`Specific execution failed on ${test.args[0]} with ${\"\\n\" + data}`);\n}",
            "err": {},
            "isRoot": false,
            "uuid": "41021120-5850-48a3-8543-55fc9e4a7033",
            "isHook": false,
            "skipped": false
          },
          {
            "title": "Check properly executon of -eAc",
            "fullTitle": "General functional tests Check properly executon of -eAc",
            "timedOut": false,
            "duration": 537,
            "state": "passed",
            "speed": "slow",
            "pass": true,
            "fail": false,
            "pending": false,
            "context": "[\n  {\n    \"title\": \"Test specific values\",\n    \"value\": \"{\\\"args\\\":[\\\"-eAc\\\",\\\"exportedContacts\\\"],\\\"expected\\\":\\\"\\\",\\\"unExpected\\\":\\\"Err\\\"}\"\n  },\n  {\n    \"title\": \"Execution report\",\n    \"value\": \"\"\n  }\n]",
            "code": "//Add test case variables\naddContext(this, {title: \"Test specific values\", value: JSON.stringify(test)});\n//Set user defined timeout\nthis.timeout(maxTimeOut);\n//Exec node\nvar minerAppExecVersion = child_process.execFileSync(minerApp, [ ...test.args], {stdio: ['pipe', 'pipe', 'pipe'],cwd:\"./\"});\nvar data = minerAppExecVersion.toString();\n//Add return data from execution\naddContext(this, {title: \"Execution report\", value: data});\n//Real tests\nif (test.expected !== '' && data.indexOf(test.expected) === -1) {\n    throw new Error(\"Expected: \" + test.expected);\n}\nif (test.unExpected !== '' && data.indexOf(test.unExpected) !== -1) {\n    throw new Error(\"Unxpected: \" + test.unExpected);\n}\nif (test.specificExec(data) !== true) {\n    throw new Error(`Specific execution failed on ${test.args[0]} with ${\"\\n\" + data}`);\n}",
            "err": {},
            "isRoot": false,
            "uuid": "7e8fb422-909b-4791-bcd7-18d7e2945ec1",
            "isHook": false,
            "skipped": false
          },
          {
            "title": "Check properly executon of -eAo",
            "fullTitle": "General functional tests Check properly executon of -eAo",
            "timedOut": false,
            "duration": 616,
            "state": "passed",
            "speed": "slow",
            "pass": true,
            "fail": false,
            "pending": false,
            "context": "[\n  {\n    \"title\": \"Test specific values\",\n    \"value\": \"{\\\"args\\\":[\\\"-eAo\\\",\\\"exportedOperators\\\"],\\\"expected\\\":\\\"\\\",\\\"unExpected\\\":\\\"Err\\\"}\"\n  },\n  {\n    \"title\": \"Execution report\",\n    \"value\": \"\"\n  }\n]",
            "code": "//Add test case variables\naddContext(this, {title: \"Test specific values\", value: JSON.stringify(test)});\n//Set user defined timeout\nthis.timeout(maxTimeOut);\n//Exec node\nvar minerAppExecVersion = child_process.execFileSync(minerApp, [ ...test.args], {stdio: ['pipe', 'pipe', 'pipe'],cwd:\"./\"});\nvar data = minerAppExecVersion.toString();\n//Add return data from execution\naddContext(this, {title: \"Execution report\", value: data});\n//Real tests\nif (test.expected !== '' && data.indexOf(test.expected) === -1) {\n    throw new Error(\"Expected: \" + test.expected);\n}\nif (test.unExpected !== '' && data.indexOf(test.unExpected) !== -1) {\n    throw new Error(\"Unxpected: \" + test.unExpected);\n}\nif (test.specificExec(data) !== true) {\n    throw new Error(`Specific execution failed on ${test.args[0]} with ${\"\\n\" + data}`);\n}",
            "err": {},
            "isRoot": false,
            "uuid": "b3a70222-4b9c-4611-a64b-700ad6df4720",
            "isHook": false,
            "skipped": false
          },
          {
            "title": "Check properly executon of -eK",
            "fullTitle": "General functional tests Check properly executon of -eK",
            "timedOut": false,
            "duration": 578,
            "state": "passed",
            "speed": "slow",
            "pass": true,
            "fail": false,
            "pending": false,
            "context": "[\n  {\n    \"title\": \"Test specific values\",\n    \"value\": \"{\\\"args\\\":[\\\"-eK\\\",\\\"exportedKeys\\\"],\\\"expected\\\":\\\"\\\",\\\"unExpected\\\":\\\"Err\\\"}\"\n  },\n  {\n    \"title\": \"Execution report\",\n    \"value\": \"\"\n  }\n]",
            "code": "//Add test case variables\naddContext(this, {title: \"Test specific values\", value: JSON.stringify(test)});\n//Set user defined timeout\nthis.timeout(maxTimeOut);\n//Exec node\nvar minerAppExecVersion = child_process.execFileSync(minerApp, [ ...test.args], {stdio: ['pipe', 'pipe', 'pipe'],cwd:\"./\"});\nvar data = minerAppExecVersion.toString();\n//Add return data from execution\naddContext(this, {title: \"Execution report\", value: data});\n//Real tests\nif (test.expected !== '' && data.indexOf(test.expected) === -1) {\n    throw new Error(\"Expected: \" + test.expected);\n}\nif (test.unExpected !== '' && data.indexOf(test.unExpected) !== -1) {\n    throw new Error(\"Unxpected: \" + test.unExpected);\n}\nif (test.specificExec(data) !== true) {\n    throw new Error(`Specific execution failed on ${test.args[0]} with ${\"\\n\" + data}`);\n}",
            "err": {},
            "isRoot": false,
            "uuid": "8c1537ce-b170-4c49-8855-17d6f210fa1c",
            "isHook": false,
            "skipped": false
          },
          {
            "title": "Check properly executon of -cc",
            "fullTitle": "General functional tests Check properly executon of -cc",
            "timedOut": false,
            "duration": 21178,
            "state": "passed",
            "speed": "slow",
            "pass": true,
            "fail": false,
            "pending": false,
            "context": "[\n  {\n    \"title\": \"Test specific values\",\n    \"value\": \"{\\\"args\\\":[\\\"-cc\\\",\\\"./units/testUnit\\\",\\\"76640-bcfe5-47604-75a2e-c0a6c-90df2-c39ef-97718\\\"],\\\"expected\\\":\\\"UsInf0073\\\",\\\"unExpected\\\":\\\"Err\\\"}\"\n  },\n  {\n    \"title\": \"Execution report\",\n    \"value\": \"UsInf0056  :  30\\nCUDA Devices: \\r\\n\\r\\nNBody.GPU\\r\\n=========\\r\\n\\r\\n\\nCUDA version:   v9000\\r\\n\\n0: GeForce GTX 1050: 6.1\\r\\n  Global memory:   4096mb\\r\\n  Shared memory:   48kb\\r\\n  Constant memory: 64kb\\r\\n\\n  Block registers: 65536\\r\\n\\r\\n  Warp size:         32\\r\\n  Threads per block: 1024\\r\\n  Multiprocessors: 5\\r\\n  Threads per multiprocessor: 2048\\r\\n  Concurrent kernels: 1\\r\\n  Max block dimensions: [ 1024, 1024, 64 ]\\r\\n  Max grid dimensions:  [ 2147483647, 65535, 65535 ]\\r\\n\\r\\n\\nCUDA DICE Calculator has been started\\r\\nBlocks: 5120 Threads per block: 64 Total Threads: 327680 \\r\\nOperations per second: 15400960 / s\\r\\nEstimated time for generation (max): 69 s\\r\\n\\nUsInf0065  :  20219\\nTime used: 19 s\\r\\n\\nUsInf0052  :  1/1024\\nUsInf0057  :  ./units/testUnit\\nUsInf0067\\nUsInf0068  :  UsInf0073\\nUsInf0069  :  2ea9b-150ed-d703a-8d168-330df-12f2c-a7f47-73366\\nUsInf0070  :  1/1024\\nUsInf0071  :  30d2051ad5791555e9cb6244cd8cf6aaa6ca13759dab1ac90545097f305f2516b5edd557db69910e6eb757f4537162209d1d399e973ca24471ca946cc0000000\\nUsInf0072\\nUsInf0071  :  30d2051ad5791555e9cb6244cd8cf6aaa6ca13759dab1ac90545097f305f2516b5edd557db69910e6eb757f4537162209d1d399e973ca24471ca946cc0000000\\nUsInf0054\\n\"\n  }\n]",
            "code": "//Add test case variables\naddContext(this, {title: \"Test specific values\", value: JSON.stringify(test)});\n//Set user defined timeout\nthis.timeout(maxTimeOut);\n//Exec node\nvar minerAppExecVersion = child_process.execFileSync(minerApp, [ ...test.args], {stdio: ['pipe', 'pipe', 'pipe'],cwd:\"./\"});\nvar data = minerAppExecVersion.toString();\n//Add return data from execution\naddContext(this, {title: \"Execution report\", value: data});\n//Real tests\nif (test.expected !== '' && data.indexOf(test.expected) === -1) {\n    throw new Error(\"Expected: \" + test.expected);\n}\nif (test.unExpected !== '' && data.indexOf(test.unExpected) !== -1) {\n    throw new Error(\"Unxpected: \" + test.unExpected);\n}\nif (test.specificExec(data) !== true) {\n    throw new Error(`Specific execution failed on ${test.args[0]} with ${\"\\n\" + data}`);\n}",
            "err": {},
            "isRoot": false,
            "uuid": "3d2acdf0-5f9f-42e0-b6ba-613a0d830cdb",
            "isHook": false,
            "skipped": false
          },
          {
            "title": "Check properly executon of -v",
            "fullTitle": "General functional tests Check properly executon of -v",
            "timedOut": false,
            "duration": 802,
            "state": "passed",
            "speed": "slow",
            "pass": true,
            "fail": false,
            "pending": false,
            "context": "[\n  {\n    \"title\": \"Test specific values\",\n    \"value\": \"{\\\"args\\\":[\\\"-v\\\",\\\"./units/testUnit.dice\\\"],\\\"expected\\\":\\\"\\\",\\\"unExpected\\\":\\\"Err\\\"}\"\n  },\n  {\n    \"title\": \"Execution report\",\n    \"value\": \"UsInf0061\\nUsInf0062  :  76640bcfe54760475a2ec0a6c90df2c39ef97718\\nUsInf0063  :  2ea9b150edd703a8d168330df12f2ca7f4773366\\nUsInf0064  :  1e\\nUsInf0065  :  00610ab6\\nUsInf0066  :  9a4f9f695c783a6d2e3efefdc6b6346e4de6e2f58a9e921ec1c2155bf640171e3138a55ff6c5064a5dc741b39538ceed3b68ad4a1c6c548a8500cb6dd7792b72f6a6d7056850074de60ee7bf675453eb226b00\\nUsInf0052  :  1/1024\\nUsInf0071  :  30d2051ad5791555e9cb6244cd8cf6aaa6ca13759dab1ac90545097f305f2516b5edd557db69910e6eb757f4537162209d1d399e973ca24471ca946cc0000000\\nUsInf0054\\n\"\n  }\n]",
            "code": "//Add test case variables\naddContext(this, {title: \"Test specific values\", value: JSON.stringify(test)});\n//Set user defined timeout\nthis.timeout(maxTimeOut);\n//Exec node\nvar minerAppExecVersion = child_process.execFileSync(minerApp, [ ...test.args], {stdio: ['pipe', 'pipe', 'pipe'],cwd:\"./\"});\nvar data = minerAppExecVersion.toString();\n//Add return data from execution\naddContext(this, {title: \"Execution report\", value: data});\n//Real tests\nif (test.expected !== '' && data.indexOf(test.expected) === -1) {\n    throw new Error(\"Expected: \" + test.expected);\n}\nif (test.unExpected !== '' && data.indexOf(test.unExpected) !== -1) {\n    throw new Error(\"Unxpected: \" + test.unExpected);\n}\nif (test.specificExec(data) !== true) {\n    throw new Error(`Specific execution failed on ${test.args[0]} with ${\"\\n\" + data}`);\n}",
            "err": {},
            "isRoot": false,
            "uuid": "0d7267e4-8b56-4b27-b1ff-9e58cca4a2ee",
            "isHook": false,
            "skipped": false
          },
          {
            "title": "Check properly executon of -to",
            "fullTitle": "General functional tests Check properly executon of -to",
            "timedOut": false,
            "duration": 805,
            "state": "passed",
            "speed": "slow",
            "pass": true,
            "fail": false,
            "pending": false,
            "context": "[\n  {\n    \"title\": \"Test specific values\",\n    \"value\": \"{\\\"args\\\":[\\\"-to\\\",\\\"./units/testUnit.dice\\\"],\\\"expected\\\":\\\"UsInf0075\\\",\\\"unExpected\\\":\\\"Err\\\"}\"\n  },\n  {\n    \"title\": \"Execution report\",\n    \"value\": \"UsInf0067\\nUsInf0068  :  UsInf0075\\nUsInf0069  :  \\nUsInf0070  :  1/1024\\nUsInf0071  :  30d2051ad5791555e9cb6244cd8cf6aaa6ca13759dab1ac90545097f305f2516b5edd557db69910e6eb757f4537162209d1d399e973ca24471ca946cc0000000\\nUsInf0072\\nUsInf0054\\n\"\n  }\n]",
            "code": "//Add test case variables\naddContext(this, {title: \"Test specific values\", value: JSON.stringify(test)});\n//Set user defined timeout\nthis.timeout(maxTimeOut);\n//Exec node\nvar minerAppExecVersion = child_process.execFileSync(minerApp, [ ...test.args], {stdio: ['pipe', 'pipe', 'pipe'],cwd:\"./\"});\nvar data = minerAppExecVersion.toString();\n//Add return data from execution\naddContext(this, {title: \"Execution report\", value: data});\n//Real tests\nif (test.expected !== '' && data.indexOf(test.expected) === -1) {\n    throw new Error(\"Expected: \" + test.expected);\n}\nif (test.unExpected !== '' && data.indexOf(test.unExpected) !== -1) {\n    throw new Error(\"Unxpected: \" + test.unExpected);\n}\nif (test.specificExec(data) !== true) {\n    throw new Error(`Specific execution failed on ${test.args[0]} with ${\"\\n\" + data}`);\n}",
            "err": {},
            "isRoot": false,
            "uuid": "0334be47-0412-46f5-af0a-7096d129da5c",
            "isHook": false,
            "skipped": false
          },
          {
            "title": "Check properly executon of -r",
            "fullTitle": "General functional tests Check properly executon of -r",
            "timedOut": false,
            "duration": 824,
            "state": "passed",
            "speed": "slow",
            "pass": true,
            "fail": false,
            "pending": false,
            "context": "[\n  {\n    \"title\": \"Test specific values\",\n    \"value\": \"{\\\"args\\\":[\\\"-r\\\",\\\"./units/testUnit.dice\\\"],\\\"expected\\\":\\\"Warn0028\\\",\\\"unExpected\\\":\\\"Err\\\"}\"\n  },\n  {\n    \"title\": \"Execution report\",\n    \"value\": \"UsInf0052  :  1/1024\\nUsInf0067\\nUsInf0068  :  Warn0028\\nUsInf0069  :  \\nUsInf0070  :  1/1024\\nUsInf0071  :  30d2051ad5791555e9cb6244cd8cf6aaa6ca13759dab1ac90545097f305f2516b5edd557db69910e6eb757f4537162209d1d399e973ca24471ca946cc0000000\\nUsInf0072\\nUsInf0071  :  30d2051ad5791555e9cb6244cd8cf6aaa6ca13759dab1ac90545097f305f2516b5edd557db69910e6eb757f4537162209d1d399e973ca24471ca946cc0000000\\nUsInf0054\\n\"\n  }\n]",
            "code": "//Add test case variables\naddContext(this, {title: \"Test specific values\", value: JSON.stringify(test)});\n//Set user defined timeout\nthis.timeout(maxTimeOut);\n//Exec node\nvar minerAppExecVersion = child_process.execFileSync(minerApp, [ ...test.args], {stdio: ['pipe', 'pipe', 'pipe'],cwd:\"./\"});\nvar data = minerAppExecVersion.toString();\n//Add return data from execution\naddContext(this, {title: \"Execution report\", value: data});\n//Real tests\nif (test.expected !== '' && data.indexOf(test.expected) === -1) {\n    throw new Error(\"Expected: \" + test.expected);\n}\nif (test.unExpected !== '' && data.indexOf(test.unExpected) !== -1) {\n    throw new Error(\"Unxpected: \" + test.unExpected);\n}\nif (test.specificExec(data) !== true) {\n    throw new Error(`Specific execution failed on ${test.args[0]} with ${\"\\n\" + data}`);\n}",
            "err": {},
            "isRoot": false,
            "uuid": "37bf7c47-02a6-49d7-8382-3091daa97058",
            "isHook": false,
            "skipped": false
          },
          {
            "title": "Check properly executon of -tn",
            "fullTitle": "General functional tests Check properly executon of -tn",
            "timedOut": false,
            "duration": 816,
            "state": "passed",
            "speed": "slow",
            "pass": true,
            "fail": false,
            "pending": false,
            "context": "[\n  {\n    \"title\": \"Test specific values\",\n    \"value\": \"{\\\"args\\\":[\\\"-tn\\\",\\\"./units/testUnit.dice\\\",\\\"./units/testUnit.dice\\\"],\\\"expected\\\":\\\"UsInf0076\\\",\\\"unExpected\\\":\\\"Err\\\"}\"\n  },\n  {\n    \"title\": \"Execution report\",\n    \"value\": \"UsInf0067\\nUsInf0068  :  UsInf0076\\nUsInf0069  :  2ea9b-150ed-d703a-8d168-330df-12f2c-a7f47-73366\\nUsInf0070  :  1/1024\\nUsInf0071  :  30d2051ad5791555e9cb6244cd8cf6aaa6ca13759dab1ac90545097f305f2516b5edd557db69910e6eb757f4537162209d1d399e973ca24471ca946cc0000000\\nUsInf0072\\nUsInf0057  :  ./units/testUnit.dice\\nUsInf0054\\n\"\n  }\n]",
            "code": "//Add test case variables\naddContext(this, {title: \"Test specific values\", value: JSON.stringify(test)});\n//Set user defined timeout\nthis.timeout(maxTimeOut);\n//Exec node\nvar minerAppExecVersion = child_process.execFileSync(minerApp, [ ...test.args], {stdio: ['pipe', 'pipe', 'pipe'],cwd:\"./\"});\nvar data = minerAppExecVersion.toString();\n//Add return data from execution\naddContext(this, {title: \"Execution report\", value: data});\n//Real tests\nif (test.expected !== '' && data.indexOf(test.expected) === -1) {\n    throw new Error(\"Expected: \" + test.expected);\n}\nif (test.unExpected !== '' && data.indexOf(test.unExpected) !== -1) {\n    throw new Error(\"Unxpected: \" + test.unExpected);\n}\nif (test.specificExec(data) !== true) {\n    throw new Error(`Specific execution failed on ${test.args[0]} with ${\"\\n\" + data}`);\n}",
            "err": {},
            "isRoot": false,
            "uuid": "6bcde63d-4139-4023-8e84-2622d39f3084",
            "isHook": false,
            "skipped": false
          },
          {
            "title": "Check properly executon of -b",
            "fullTitle": "General functional tests Check properly executon of -b",
            "timedOut": false,
            "duration": 785,
            "state": "passed",
            "speed": "slow",
            "pass": true,
            "fail": false,
            "pending": false,
            "context": "[\n  {\n    \"title\": \"Test specific values\",\n    \"value\": \"{\\\"args\\\":[\\\"-b\\\",\\\"./units/\\\"],\\\"expected\\\":\\\"\\\",\\\"unExpected\\\":\\\"Err\\\"}\"\n  },\n  {\n    \"title\": \"Execution report\",\n    \"value\": \"UsInf0090  :  0.001953125\\nUsInf0054\\n\"\n  }\n]",
            "code": "//Add test case variables\naddContext(this, {title: \"Test specific values\", value: JSON.stringify(test)});\n//Set user defined timeout\nthis.timeout(maxTimeOut);\n//Exec node\nvar minerAppExecVersion = child_process.execFileSync(minerApp, [ ...test.args], {stdio: ['pipe', 'pipe', 'pipe'],cwd:\"./\"});\nvar data = minerAppExecVersion.toString();\n//Add return data from execution\naddContext(this, {title: \"Execution report\", value: data});\n//Real tests\nif (test.expected !== '' && data.indexOf(test.expected) === -1) {\n    throw new Error(\"Expected: \" + test.expected);\n}\nif (test.unExpected !== '' && data.indexOf(test.unExpected) !== -1) {\n    throw new Error(\"Unxpected: \" + test.unExpected);\n}\nif (test.specificExec(data) !== true) {\n    throw new Error(`Specific execution failed on ${test.args[0]} with ${\"\\n\" + data}`);\n}",
            "err": {},
            "isRoot": false,
            "uuid": "23fc59f5-d4cd-4895-bb1d-7ffd4cd448cd",
            "isHook": false,
            "skipped": false
          },
          {
            "title": "Check properly executon of -lU",
            "fullTitle": "General functional tests Check properly executon of -lU",
            "timedOut": false,
            "duration": 739,
            "state": "passed",
            "speed": "slow",
            "pass": true,
            "fail": false,
            "pending": false,
            "context": "[\n  {\n    \"title\": \"Test specific values\",\n    \"value\": \"{\\\"args\\\":[\\\"-lU\\\",\\\"./units/\\\"],\\\"expected\\\":\\\"\\\",\\\"unExpected\\\":\\\"Err\\\"}\"\n  },\n  {\n    \"title\": \"Execution report\",\n    \"value\": \"1 # ./units//testUnit.dice # 76640-bcfe5-47604-75a2e-c0a6c-90df2-c39ef-97718 # 2ea9b-150ed-d703a-8d168-330df-12f2c-a7f47-73366 # 0.0009765625\\n2 # ./units//testUnit.dice.dice # 76640-bcfe5-47604-75a2e-c0a6c-90df2-c39ef-97718 # 2ea9b-150ed-d703a-8d168-330df-12f2c-a7f47-73366 # 0.0009765625\\nUsInf0090  :  0.001953125\\nUsInf0054\\n\"\n  }\n]",
            "code": "//Add test case variables\naddContext(this, {title: \"Test specific values\", value: JSON.stringify(test)});\n//Set user defined timeout\nthis.timeout(maxTimeOut);\n//Exec node\nvar minerAppExecVersion = child_process.execFileSync(minerApp, [ ...test.args], {stdio: ['pipe', 'pipe', 'pipe'],cwd:\"./\"});\nvar data = minerAppExecVersion.toString();\n//Add return data from execution\naddContext(this, {title: \"Execution report\", value: data});\n//Real tests\nif (test.expected !== '' && data.indexOf(test.expected) === -1) {\n    throw new Error(\"Expected: \" + test.expected);\n}\nif (test.unExpected !== '' && data.indexOf(test.unExpected) !== -1) {\n    throw new Error(\"Unxpected: \" + test.unExpected);\n}\nif (test.specificExec(data) !== true) {\n    throw new Error(`Specific execution failed on ${test.args[0]} with ${\"\\n\" + data}`);\n}",
            "err": {},
            "isRoot": false,
            "uuid": "cedb7a2a-6ae8-4947-86c1-360f429832e3",
            "isHook": false,
            "skipped": false
          },
          {
            "title": "Check properly executon of -tc",
            "fullTitle": "General functional tests Check properly executon of -tc",
            "timedOut": false,
            "duration": 791,
            "state": "passed",
            "speed": "slow",
            "pass": true,
            "fail": false,
            "pending": false,
            "context": "[\n  {\n    \"title\": \"Test specific values\",\n    \"value\": \"{\\\"args\\\":[\\\"-tc\\\",\\\"./units/testUnit.dice\\\",\\\"./units/encrypted\\\",\\\"d8f54-4fe68-98060-78b6d-bbbf3-1908b-473de-ed2b2\\\"],\\\"expected\\\":\\\"\\\",\\\"unExpected\\\":\\\"Err\\\"}\"\n  },\n  {\n    \"title\": \"Execution report\",\n    \"value\": \"UsInf0067\\nUsInf0068  :  UsInf0075\\nUsInf0069  :  2ea9b-150ed-d703a-8d168-330df-12f2c-a7f47-73366\\nUsInf0070  :  1/1024\\nUsInf0071  :  30d2051ad5791555e9cb6244cd8cf6aaa6ca13759dab1ac90545097f305f2516b5edd557db69910e6eb757f4537162209d1d399e973ca24471ca946cc0000000\\nUsInf0072\\nUsInf0054\\n\"\n  }\n]",
            "code": "//Add test case variables\naddContext(this, {title: \"Test specific values\", value: JSON.stringify(test)});\n//Set user defined timeout\nthis.timeout(maxTimeOut);\n//Exec node\nvar minerAppExecVersion = child_process.execFileSync(minerApp, [ ...test.args], {stdio: ['pipe', 'pipe', 'pipe'],cwd:\"./\"});\nvar data = minerAppExecVersion.toString();\n//Add return data from execution\naddContext(this, {title: \"Execution report\", value: data});\n//Real tests\nif (test.expected !== '' && data.indexOf(test.expected) === -1) {\n    throw new Error(\"Expected: \" + test.expected);\n}\nif (test.unExpected !== '' && data.indexOf(test.unExpected) !== -1) {\n    throw new Error(\"Unxpected: \" + test.unExpected);\n}\nif (test.specificExec(data) !== true) {\n    throw new Error(`Specific execution failed on ${test.args[0]} with ${\"\\n\" + data}`);\n}",
            "err": {},
            "isRoot": false,
            "uuid": "07951fd6-eb0a-45cf-bcd1-bc3203de6f9f",
            "isHook": false,
            "skipped": false
          },
          {
            "title": "Check is all commands covert",
            "fullTitle": "General functional tests Check is all commands covert",
            "timedOut": false,
            "duration": 0,
            "state": "passed",
            "speed": "fast",
            "pass": true,
            "fail": false,
            "pending": false,
            "code": "var covert = [];\nvar unCovert = [];\nvar duplicated = [];\nfor (let command of commands) {\n    for (let test of generalTest) {\n        if (command.args[0] === test.args[0]) {\n            if (covert.indexOf(command.args[0]) === -1) {\n                covert.push(command.args[0]);\n            } else {\n                duplicated.push(command.args[0]);\n            }\n        }\n    }\n    if (unCovert.indexOf(command.args[0]) === -1 &&\n            covert.indexOf(command.args[0]) === -1) {\n        unCovert.push(command.args[0]);\n    } else {\n        // The command already exist\n    }\n}\nif (unCovert.length > 0) {\n    throw new Error(\n            `Not all commands covert  \n             Covert ${covert.length} / Expected ${commands.length} \n             Covert commands: ${covert}\n             Uncovert commands: ${unCovert}\n             Duplicated commands: ${duplicated}`);\n}\nif (duplicated.length > 0) {\n    throw new Error(`Duplicated commands: ${duplicated}`);\n}",
            "err": {},
            "isRoot": false,
            "uuid": "b0c6b566-bf43-4192-9025-ae041e0afcbe",
            "isHook": false,
            "skipped": false
          }
        ],
        "suites": [],
        "passes": [
          "13d60814-cad6-444c-adeb-6cb51448c630",
          "86a37b76-d88d-4fdc-9c4c-5d859a9895fc",
          "27b121af-8891-4b2f-b6b0-9bec0d8cf20d",
          "c338978f-c5a8-4534-b37e-3f4368822052",
          "156a0323-a31f-4385-8f45-eab592590305",
          "3ac51461-a0d4-489e-9200-81a9cea96997",
          "23b0211f-c9ce-48a8-87b2-142cb6be223d",
          "b7797d97-ef7f-4e86-9dcf-6add86d86f56",
          "440c9355-2d83-4b76-9ed9-39fc92fae189",
          "5a1006ca-bba0-4f5b-91c5-c10a01d1e772",
          "96b770e6-d8ba-4a85-9ab5-4a503169ce92",
          "40b3f7aa-ed2c-4291-b2a2-43630859f4d4",
          "78edd6f7-986d-4764-8b99-1b4e96583b49",
          "bdb1db78-09fa-414d-931f-2e45e1e364ad",
          "41021120-5850-48a3-8543-55fc9e4a7033",
          "7e8fb422-909b-4791-bcd7-18d7e2945ec1",
          "b3a70222-4b9c-4611-a64b-700ad6df4720",
          "8c1537ce-b170-4c49-8855-17d6f210fa1c",
          "3d2acdf0-5f9f-42e0-b6ba-613a0d830cdb",
          "0d7267e4-8b56-4b27-b1ff-9e58cca4a2ee",
          "0334be47-0412-46f5-af0a-7096d129da5c",
          "37bf7c47-02a6-49d7-8382-3091daa97058",
          "6bcde63d-4139-4023-8e84-2622d39f3084",
          "23fc59f5-d4cd-4895-bb1d-7ffd4cd448cd",
          "cedb7a2a-6ae8-4947-86c1-360f429832e3",
          "07951fd6-eb0a-45cf-bcd1-bc3203de6f9f",
          "b0c6b566-bf43-4192-9025-ae041e0afcbe"
        ],
        "failures": [],
        "pending": [],
        "skipped": [],
        "duration": 37800,
        "root": false,
        "rootEmpty": false,
        "_timeout": 2000
      }
    ],
    "passes": [],
    "failures": [],
    "pending": [],
    "skipped": [],
    "duration": 0,
    "root": true,
    "rootEmpty": true,
    "_timeout": 2000
  },
  "copyrightYear": 2018
}